<?xml version="1.0" encoding="utf-8"?><testsuites name="pytest tests"><testsuite name="pytest" errors="0" failures="0" skipped="0" tests="12" time="27.481" timestamp="2026-02-10T01:59:21.646584+00:00" hostname="agent-env-405c393e-b312-4df3-88f1-4e28c78518b0"><testcase classname="backend.tests.test_arctic_shift_scan.TestArcticsShiftScan" name="test_api_root_health" time="0.101" /><testcase classname="backend.tests.test_arctic_shift_scan.TestArcticsShiftScan" name="test_auth_with_token" time="0.041" /><testcase classname="backend.tests.test_arctic_shift_scan.TestArcticsShiftScan" name="test_get_game_details" time="0.038" /><testcase classname="backend.tests.test_arctic_shift_scan.TestArcticsShiftScan" name="test_get_latest_scan_result" time="0.042" /><testcase classname="backend.tests.test_arctic_shift_scan.TestArcticsShiftScan" name="test_scan_throttling" time="26.736" /><testcase classname="backend.tests.test_arctic_shift_scan.TestArcticsShiftScan" name="test_scan_result_structure_comprehensive" time="0.072" /><testcase classname="backend.tests.test_arctic_shift_scan.TestArcticsShiftScan" name="test_source_posts_have_required_fields" time="0.040" /><testcase classname="backend.tests.test_arctic_shift_scan.TestArcticsShiftScan" name="test_cache_status_endpoint" time="0.069" /><testcase classname="backend.tests.test_arctic_shift_scan.TestQualityFilter" name="test_quality_filter_reduces_post_count" time="0.043" /><testcase classname="backend.tests.test_arctic_shift_scan.TestCommentSampling" name="test_comments_fetched_for_top_posts" time="0.040" /><testcase classname="backend.tests.test_arctic_shift_scan.TestAISummarization" name="test_pain_points_have_evidence_links" time="0.037" /><testcase classname="backend.tests.test_arctic_shift_scan.TestAISummarization" name="test_wins_have_evidence_links" time="0.040" /></testsuite></testsuites>